TN:
SF:C:/Users/Philippe Viau/Documents/interventions/src/polyfills.ts
FNF:0
FNH:0
DA:46,1
DA:60,1
LF:2
LH:2
BRF:0
BRH:0
end_of_record
TN:
SF:C:/Users/Philippe Viau/Documents/interventions/src/test.ts
FNF:0
FNH:0
DA:3,1
DA:4,1
DA:5,1
DA:13,1
DA:18,1
DA:20,1
LF:6
LH:6
BRF:0
BRH:0
end_of_record
TN:
SF:C:/Users/Philippe Viau/Documents/interventions/src/app/app.component.ts
FN:8,(anonymous_1)
FN:3,AppComponent
FNF:2
FNH:1
FNDA:1,(anonymous_1)
FNDA:0,AppComponent
DA:1,1
DA:8,1
DA:9,0
DA:10,1
LF:4
LH:3
BRF:0
BRH:0
end_of_record
TN:
SF:C:/Users/Philippe Viau/Documents/interventions/src/app/acceuil/acceuil.component.ts
FN:8,(anonymous_2)
FN:10,AcceuilComponent
FN:12,(anonymous_4)
FNF:3
FNH:1
FNDA:1,(anonymous_2)
FNDA:0,AcceuilComponent
FNDA:0,(anonymous_4)
DA:1,1
DA:8,1
DA:12,1
DA:15,1
LF:4
LH:4
BRF:0
BRH:0
end_of_record
TN:
SF:C:/Users/Philippe Viau/Documents/interventions/src/app/probleme/nveau.component.ts
FN:12,(anonymous_2)
FN:17,NveauComponent
FN:19,(anonymous_4)
FN:33,(anonymous_5)
FN:35,(anonymous_6)
FNF:5
FNH:4
FNDA:1,(anonymous_2)
FNDA:31,NveauComponent
FNDA:31,(anonymous_4)
FNDA:0,(anonymous_5)
FNDA:22,(anonymous_6)
DA:1,1
DA:2,1
DA:4,1
DA:5,1
DA:12,1
DA:17,31
DA:19,31
DA:20,31
DA:32,31
DA:33,0
DA:35,1
DA:36,22
DA:37,22
DA:38,22
DA:39,22
DA:41,22
DA:42,22
DA:43,22
DA:45,22
DA:46,22
DA:47,22
DA:49,22
DA:50,22
DA:51,22
DA:53,22
DA:54,10
DA:55,10
DA:56,10
DA:57,10
DA:58,10
DA:61,12
DA:62,8
DA:63,8
DA:67,22
DA:68,22
DA:69,22
DA:70,22
DA:72,1
LF:38
LH:37
BRDA:53,0,0,10
BRDA:53,0,1,12
BRDA:61,1,0,8
BRDA:61,1,1,4
BRF:4
BRH:4
end_of_record
TN:
SF:C:/Users/Philippe Viau/Documents/interventions/src/app/probleme/typeprobleme.service.ts
FN:10,(anonymous_2)
FN:13,TypeProblemeService
FN:15,(anonymous_4)
FN:17,(anonymous_5)
FN:21,(anonymous_6)
FNF:5
FNH:1
FNDA:1,(anonymous_2)
FNDA:0,TypeProblemeService
FNDA:0,(anonymous_4)
FNDA:0,(anonymous_5)
FNDA:0,(anonymous_6)
DA:1,1
DA:2,1
DA:4,1
DA:5,1
DA:6,1
DA:10,1
DA:11,0
DA:13,0
DA:15,1
DA:16,0
DA:17,0
DA:21,1
DA:24,0
DA:25,0
DA:27,1
LF:15
LH:9
BRF:0
BRH:0
end_of_record
TN:
SF:C:/Users/Philippe Viau/Documents/interventions/src/app/shared/caracteres-validator.ts
FN:3,(anonymous_0)
FN:4,(anonymous_2)
FN:5,(anonymous_3)
FN:14,(anonymous_4)
FN:15,(anonymous_5)
FNF:5
FNH:5
FNDA:1,(anonymous_0)
FNDA:35,(anonymous_2)
FNDA:105,(anonymous_3)
FNDA:35,(anonymous_4)
FNDA:105,(anonymous_5)
DA:3,1
DA:4,1
DA:5,35
DA:6,105
DA:7,8
DA:10,97
DA:14,1
DA:15,35
DA:16,105
DA:17,4
DA:20,101
DA:23,1
LF:12
LH:12
BRDA:6,0,0,8
BRDA:6,0,1,97
BRDA:16,1,0,4
BRDA:16,1,1,101
BRF:4
BRH:4
end_of_record
TN:
SF:C:/Users/Philippe Viau/Documents/interventions/src/app/shared/emailMatcher-validator.ts
FN:3,(anonymous_0)
FN:5,(anonymous_2)
FN:6,(anonymous_3)
FNF:3
FNH:3
FNDA:1,(anonymous_0)
FNDA:10,(anonymous_2)
FNDA:48,(anonymous_3)
DA:3,1
DA:5,1
DA:6,10
DA:7,48
DA:8,48
DA:9,48
DA:10,46
DA:12,2
DA:15,1
LF:9
LH:9
BRDA:9,0,0,46
BRDA:9,0,1,2
BRDA:9,1,0,48
BRDA:9,1,1,6
BRDA:12,2,0,1
BRDA:12,2,1,1
BRF:6
BRH:6
end_of_record
